<?xml version="1.0" encoding="UTF-8"?>
<!-- Generated by org.testng.reporters.JUnitReportReporter -->
<testsuite hostname="DESKTOP-B0DD0C2" failures="0" tests="1" name="test.UpdateProfile" time="34.754" errors="0" timestamp="2024-07-22T20:44:35 IST" skipped="0">
  <testcase classname="test.UpdateProfile" name="testUpdatedProfile" time="34.754"/>
  <system-out/>
</testsuite> <!-- test.UpdateProfile -->
